2016-09-03 10:02:48 Error: [MissingControllerException] Controller class CssController could not be found.
Exception Attributes: array (
  'class' => 'CssController',
  'plugin' => NULL,
)
Request URL: /css/bootstrap.min.css.map
Stack Trace:
#0 /var/www/kisan/app/webroot/index.php(108): Dispatcher->dispatch(Object(CakeRequest), Object(CakeResponse))
#1 {main}
2016-09-03 10:07:16 Error: [MissingControllerException] Controller class CssController could not be found.
Exception Attributes: array (
  'class' => 'CssController',
  'plugin' => NULL,
)
Request URL: /css/bootstrap.min.css.map
Stack Trace:
#0 /var/www/kisan/app/webroot/index.php(108): Dispatcher->dispatch(Object(CakeRequest), Object(CakeResponse))
#1 {main}
2016-09-03 10:07:50 Error: [MissingControllerException] Controller class CssController could not be found.
Exception Attributes: array (
  'class' => 'CssController',
  'plugin' => NULL,
)
Request URL: /css/bootstrap.min.css.map
Stack Trace:
#0 /var/www/kisan/app/webroot/index.php(108): Dispatcher->dispatch(Object(CakeRequest), Object(CakeResponse))
#1 {main}
2016-09-03 10:07:56 Error: [MissingControllerException] Controller class CssController could not be found.
Exception Attributes: array (
  'class' => 'CssController',
  'plugin' => NULL,
)
Request URL: /css/bootstrap.min.css.map
Stack Trace:
#0 /var/www/kisan/app/webroot/index.php(108): Dispatcher->dispatch(Object(CakeRequest), Object(CakeResponse))
#1 {main}
2016-09-03 10:20:09 Error: [MissingControllerException] Controller class CssController could not be found.
Exception Attributes: array (
  'class' => 'CssController',
  'plugin' => NULL,
)
Request URL: /css/bootstrap.min.css.map
Stack Trace:
#0 /var/www/kisan/app/webroot/index.php(108): Dispatcher->dispatch(Object(CakeRequest), Object(CakeResponse))
#1 {main}
2016-09-03 10:20:23 Error: [MissingControllerException] Controller class CssController could not be found.
Exception Attributes: array (
  'class' => 'CssController',
  'plugin' => NULL,
)
Request URL: /css/bootstrap.min.css.map
Stack Trace:
#0 /var/www/kisan/app/webroot/index.php(108): Dispatcher->dispatch(Object(CakeRequest), Object(CakeResponse))
#1 {main}
2016-09-03 10:20:34 Error: [MissingControllerException] Controller class CssController could not be found.
Exception Attributes: array (
  'class' => 'CssController',
  'plugin' => NULL,
)
Request URL: /css/bootstrap.min.css.map
Stack Trace:
#0 /var/www/kisan/app/webroot/index.php(108): Dispatcher->dispatch(Object(CakeRequest), Object(CakeResponse))
#1 {main}
2016-09-03 10:27:02 Error: [MissingControllerException] Controller class CssController could not be found.
Exception Attributes: array (
  'class' => 'CssController',
  'plugin' => NULL,
)
Request URL: /css/bootstrap.min.css.map
Stack Trace:
#0 /var/www/kisan/app/webroot/index.php(108): Dispatcher->dispatch(Object(CakeRequest), Object(CakeResponse))
#1 {main}
2016-09-03 10:27:34 Error: [MissingControllerException] Controller class CssController could not be found.
Exception Attributes: array (
  'class' => 'CssController',
  'plugin' => NULL,
)
Request URL: /css/bootstrap.min.css.map
Stack Trace:
#0 /var/www/kisan/app/webroot/index.php(108): Dispatcher->dispatch(Object(CakeRequest), Object(CakeResponse))
#1 {main}
2016-09-03 10:27:39 Error: [MissingControllerException] Controller class CssController could not be found.
Exception Attributes: array (
  'class' => 'CssController',
  'plugin' => NULL,
)
Request URL: /css/bootstrap.min.css.map
Stack Trace:
#0 /var/www/kisan/app/webroot/index.php(108): Dispatcher->dispatch(Object(CakeRequest), Object(CakeResponse))
#1 {main}
2016-09-03 10:27:41 Error: [MissingControllerException] Controller class CssController could not be found.
Exception Attributes: array (
  'class' => 'CssController',
  'plugin' => NULL,
)
Request URL: /css/bootstrap.min.css.map
Stack Trace:
#0 /var/www/kisan/app/webroot/index.php(108): Dispatcher->dispatch(Object(CakeRequest), Object(CakeResponse))
#1 {main}
2016-09-03 11:08:39 Error: [MissingControllerException] Controller class CssController could not be found.
Exception Attributes: array (
  'class' => 'CssController',
  'plugin' => NULL,
)
Request URL: /css/bootstrap.min.css.map
Stack Trace:
#0 /var/www/kisan/app/webroot/index.php(108): Dispatcher->dispatch(Object(CakeRequest), Object(CakeResponse))
#1 {main}
2016-09-03 11:13:56 Error: [MissingControllerException] Controller class CssController could not be found.
Exception Attributes: array (
  'class' => 'CssController',
  'plugin' => NULL,
)
Request URL: /css/bootstrap.min.css.map
Stack Trace:
#0 /var/www/kisan/app/webroot/index.php(108): Dispatcher->dispatch(Object(CakeRequest), Object(CakeResponse))
#1 {main}
2016-09-03 11:14:34 Error: [MissingControllerException] Controller class CssController could not be found.
Exception Attributes: array (
  'class' => 'CssController',
  'plugin' => NULL,
)
Request URL: /css/bootstrap.min.css.map
Stack Trace:
#0 /var/www/kisan/app/webroot/index.php(108): Dispatcher->dispatch(Object(CakeRequest), Object(CakeResponse))
#1 {main}
2016-09-03 11:14:42 Error: [MissingControllerException] Controller class CssController could not be found.
Exception Attributes: array (
  'class' => 'CssController',
  'plugin' => NULL,
)
Request URL: /css/bootstrap.min.css.map
Stack Trace:
#0 /var/www/kisan/app/webroot/index.php(108): Dispatcher->dispatch(Object(CakeRequest), Object(CakeResponse))
#1 {main}
2016-09-03 11:16:12 Error: [MissingControllerException] Controller class CssController could not be found.
Exception Attributes: array (
  'class' => 'CssController',
  'plugin' => NULL,
)
Request URL: /css/bootstrap.min.css.map
Stack Trace:
#0 /var/www/kisan/app/webroot/index.php(108): Dispatcher->dispatch(Object(CakeRequest), Object(CakeResponse))
#1 {main}
2016-09-03 11:20:16 Error: [MissingControllerException] Controller class CssController could not be found.
Exception Attributes: array (
  'class' => 'CssController',
  'plugin' => NULL,
)
Request URL: /css/bootstrap.min.css.map
Stack Trace:
#0 /var/www/kisan/app/webroot/index.php(108): Dispatcher->dispatch(Object(CakeRequest), Object(CakeResponse))
#1 {main}
2016-09-03 11:20:36 Error: [MissingControllerException] Controller class CssController could not be found.
Exception Attributes: array (
  'class' => 'CssController',
  'plugin' => NULL,
)
Request URL: /css/bootstrap.min.css.map
Stack Trace:
#0 /var/www/kisan/app/webroot/index.php(108): Dispatcher->dispatch(Object(CakeRequest), Object(CakeResponse))
#1 {main}
2016-09-03 11:20:55 Error: [MissingControllerException] Controller class CssController could not be found.
Exception Attributes: array (
  'class' => 'CssController',
  'plugin' => NULL,
)
Request URL: /css/bootstrap.min.css.map
Stack Trace:
#0 /var/www/kisan/app/webroot/index.php(108): Dispatcher->dispatch(Object(CakeRequest), Object(CakeResponse))
#1 {main}
2016-09-03 11:25:31 Error: [MissingControllerException] Controller class CssController could not be found.
Exception Attributes: array (
  'class' => 'CssController',
  'plugin' => NULL,
)
Request URL: /css/bootstrap.min.css.map
Stack Trace:
#0 /var/www/kisan/app/webroot/index.php(108): Dispatcher->dispatch(Object(CakeRequest), Object(CakeResponse))
#1 {main}
2016-09-03 11:25:57 Error: [MissingControllerException] Controller class CssController could not be found.
Exception Attributes: array (
  'class' => 'CssController',
  'plugin' => NULL,
)
Request URL: /css/bootstrap.min.css.map
Stack Trace:
#0 /var/www/kisan/app/webroot/index.php(108): Dispatcher->dispatch(Object(CakeRequest), Object(CakeResponse))
#1 {main}
2016-09-03 11:26:21 Error: [MissingControllerException] Controller class CssController could not be found.
Exception Attributes: array (
  'class' => 'CssController',
  'plugin' => NULL,
)
Request URL: /css/bootstrap.min.css.map
Stack Trace:
#0 /var/www/kisan/app/webroot/index.php(108): Dispatcher->dispatch(Object(CakeRequest), Object(CakeResponse))
#1 {main}
2016-09-03 11:29:39 Error: [MissingControllerException] Controller class CssController could not be found.
Exception Attributes: array (
  'class' => 'CssController',
  'plugin' => NULL,
)
Request URL: /css/bootstrap.min.css.map
Stack Trace:
#0 /var/www/kisan/app/webroot/index.php(108): Dispatcher->dispatch(Object(CakeRequest), Object(CakeResponse))
#1 {main}
2016-09-03 11:29:52 Error: [MissingControllerException] Controller class CssController could not be found.
Exception Attributes: array (
  'class' => 'CssController',
  'plugin' => NULL,
)
Request URL: /css/bootstrap.min.css.map
Stack Trace:
#0 /var/www/kisan/app/webroot/index.php(108): Dispatcher->dispatch(Object(CakeRequest), Object(CakeResponse))
#1 {main}
2016-09-03 11:32:20 Error: [MissingControllerException] Controller class CssController could not be found.
Exception Attributes: array (
  'class' => 'CssController',
  'plugin' => NULL,
)
Request URL: /css/bootstrap.min.css.map
Stack Trace:
#0 /var/www/kisan/app/webroot/index.php(108): Dispatcher->dispatch(Object(CakeRequest), Object(CakeResponse))
#1 {main}
2016-09-03 11:59:15 Error: [MissingControllerException] Controller class CssController could not be found.
Exception Attributes: array (
  'class' => 'CssController',
  'plugin' => NULL,
)
Request URL: /css/bootstrap.min.css.map
Stack Trace:
#0 /var/www/kisan/app/webroot/index.php(108): Dispatcher->dispatch(Object(CakeRequest), Object(CakeResponse))
#1 {main}
2016-09-03 12:10:05 Error: [MissingControllerException] Controller class CssController could not be found.
Exception Attributes: array (
  'class' => 'CssController',
  'plugin' => NULL,
)
Request URL: /css/bootstrap.min.css.map
Stack Trace:
#0 /var/www/kisan/app/webroot/index.php(108): Dispatcher->dispatch(Object(CakeRequest), Object(CakeResponse))
#1 {main}
2016-09-03 17:32:30 Error: [MissingControllerException] Controller class CssController could not be found.
Exception Attributes: array (
  'class' => 'CssController',
  'plugin' => NULL,
)
Request URL: /css/bootstrap.min.css.map
Stack Trace:
#0 /var/www/kisan/app/webroot/index.php(108): Dispatcher->dispatch(Object(CakeRequest), Object(CakeResponse))
#1 {main}
2016-09-03 17:32:44 Error: [MissingControllerException] Controller class CssController could not be found.
Exception Attributes: array (
  'class' => 'CssController',
  'plugin' => NULL,
)
Request URL: /css/bootstrap.min.css.map
Stack Trace:
#0 /var/www/kisan/app/webroot/index.php(108): Dispatcher->dispatch(Object(CakeRequest), Object(CakeResponse))
#1 {main}
2016-09-03 17:41:36 Error: [MissingControllerException] Controller class CssController could not be found.
Exception Attributes: array (
  'class' => 'CssController',
  'plugin' => NULL,
)
Request URL: /css/bootstrap.min.css.map
Stack Trace:
#0 /var/www/kisan/app/webroot/index.php(108): Dispatcher->dispatch(Object(CakeRequest), Object(CakeResponse))
#1 {main}
2016-09-03 17:53:45 Error: [MissingControllerException] Controller class CssController could not be found.
Exception Attributes: array (
  'class' => 'CssController',
  'plugin' => NULL,
)
Request URL: /css/bootstrap.min.css.map
Stack Trace:
#0 /var/www/kisan/app/webroot/index.php(108): Dispatcher->dispatch(Object(CakeRequest), Object(CakeResponse))
#1 {main}
2016-09-03 17:54:07 Error: [MissingControllerException] Controller class ContactsController could not be found.
Exception Attributes: array (
  'class' => 'ContactsController',
  'plugin' => NULL,
)
Request URL: /contacts/index
Stack Trace:
#0 /var/www/kisan/app/webroot/index.php(108): Dispatcher->dispatch(Object(CakeRequest), Object(CakeResponse))
#1 {main}
2016-09-03 17:54:08 Error: [MissingControllerException] Controller class CssController could not be found.
Exception Attributes: array (
  'class' => 'CssController',
  'plugin' => NULL,
)
Request URL: /css/bootstrap.min.css.map
Stack Trace:
#0 /var/www/kisan/app/webroot/index.php(108): Dispatcher->dispatch(Object(CakeRequest), Object(CakeResponse))
#1 {main}
2016-09-03 17:54:17 Error: [MissingControllerException] Controller class ContactsController could not be found.
Exception Attributes: array (
  'class' => 'ContactsController',
  'plugin' => NULL,
)
Request URL: /contacts/index
Stack Trace:
#0 /var/www/kisan/app/webroot/index.php(108): Dispatcher->dispatch(Object(CakeRequest), Object(CakeResponse))
#1 {main}
2016-09-03 17:54:18 Error: [MissingControllerException] Controller class CssController could not be found.
Exception Attributes: array (
  'class' => 'CssController',
  'plugin' => NULL,
)
Request URL: /css/bootstrap.min.css.map
Stack Trace:
#0 /var/www/kisan/app/webroot/index.php(108): Dispatcher->dispatch(Object(CakeRequest), Object(CakeResponse))
#1 {main}
2016-09-03 17:56:28 Error: [MissingControllerException] Controller class CssController could not be found.
Exception Attributes: array (
  'class' => 'CssController',
  'plugin' => NULL,
)
Request URL: /css/bootstrap.min.css.map
Stack Trace:
#0 /var/www/kisan/app/webroot/index.php(108): Dispatcher->dispatch(Object(CakeRequest), Object(CakeResponse))
#1 {main}
2016-09-03 17:56:39 Error: [MissingControllerException] Controller class CssController could not be found.
Exception Attributes: array (
  'class' => 'CssController',
  'plugin' => NULL,
)
Request URL: /css/bootstrap.min.css.map
Stack Trace:
#0 /var/www/kisan/app/webroot/index.php(108): Dispatcher->dispatch(Object(CakeRequest), Object(CakeResponse))
#1 {main}
2016-09-03 17:56:59 Error: [MissingControllerException] Controller class CssController could not be found.
Exception Attributes: array (
  'class' => 'CssController',
  'plugin' => NULL,
)
Request URL: /css/bootstrap.min.css.map
Stack Trace:
#0 /var/www/kisan/app/webroot/index.php(108): Dispatcher->dispatch(Object(CakeRequest), Object(CakeResponse))
#1 {main}
2016-09-03 18:03:53 Error: [MissingControllerException] Controller class CssController could not be found.
Exception Attributes: array (
  'class' => 'CssController',
  'plugin' => NULL,
)
Request URL: /css/bootstrap.min.css.map
Stack Trace:
#0 /var/www/kisan/app/webroot/index.php(108): Dispatcher->dispatch(Object(CakeRequest), Object(CakeResponse))
#1 {main}
2016-09-03 18:05:32 Error: [MissingControllerException] Controller class CssController could not be found.
Exception Attributes: array (
  'class' => 'CssController',
  'plugin' => NULL,
)
Request URL: /css/bootstrap.min.css.map
Stack Trace:
#0 /var/www/kisan/app/webroot/index.php(108): Dispatcher->dispatch(Object(CakeRequest), Object(CakeResponse))
#1 {main}
2016-09-03 18:06:20 Error: [MissingControllerException] Controller class CssController could not be found.
Exception Attributes: array (
  'class' => 'CssController',
  'plugin' => NULL,
)
Request URL: /css/bootstrap.min.css.map
Stack Trace:
#0 /var/www/kisan/app/webroot/index.php(108): Dispatcher->dispatch(Object(CakeRequest), Object(CakeResponse))
#1 {main}
2016-09-03 18:10:54 Error: [MissingControllerException] Controller class CssController could not be found.
Exception Attributes: array (
  'class' => 'CssController',
  'plugin' => NULL,
)
Request URL: /css/bootstrap.min.css.map
Stack Trace:
#0 /var/www/kisan/app/webroot/index.php(108): Dispatcher->dispatch(Object(CakeRequest), Object(CakeResponse))
#1 {main}
2016-09-03 18:11:34 Error: [MissingControllerException] Controller class CssController could not be found.
Exception Attributes: array (
  'class' => 'CssController',
  'plugin' => NULL,
)
Request URL: /css/bootstrap.min.css.map
Stack Trace:
#0 /var/www/kisan/app/webroot/index.php(108): Dispatcher->dispatch(Object(CakeRequest), Object(CakeResponse))
#1 {main}
2016-09-03 18:15:02 Error: [MissingControllerException] Controller class CssController could not be found.
Exception Attributes: array (
  'class' => 'CssController',
  'plugin' => NULL,
)
Request URL: /css/bootstrap.min.css.map
Stack Trace:
#0 /var/www/kisan/app/webroot/index.php(108): Dispatcher->dispatch(Object(CakeRequest), Object(CakeResponse))
#1 {main}
2016-09-03 19:47:52 Error: [MissingControllerException] Controller class CssController could not be found.
Exception Attributes: array (
  'class' => 'CssController',
  'plugin' => NULL,
)
Request URL: /css/bootstrap.min.css.map
Stack Trace:
#0 /var/www/kisan/app/webroot/index.php(108): Dispatcher->dispatch(Object(CakeRequest), Object(CakeResponse))
#1 {main}
2016-09-03 19:52:24 Error: [MissingControllerException] Controller class CssController could not be found.
Exception Attributes: array (
  'class' => 'CssController',
  'plugin' => NULL,
)
Request URL: /css/bootstrap.min.css.map
Stack Trace:
#0 /var/www/kisan/app/webroot/index.php(108): Dispatcher->dispatch(Object(CakeRequest), Object(CakeResponse))
#1 {main}
2016-09-03 20:05:42 Error: [MissingControllerException] Controller class CssController could not be found.
Exception Attributes: array (
  'class' => 'CssController',
  'plugin' => NULL,
)
Request URL: /css/bootstrap.min.css.map
Stack Trace:
#0 /var/www/kisan/app/webroot/index.php(108): Dispatcher->dispatch(Object(CakeRequest), Object(CakeResponse))
#1 {main}
2016-09-03 20:25:11 Error: [MissingControllerException] Controller class CssController could not be found.
Exception Attributes: array (
  'class' => 'CssController',
  'plugin' => NULL,
)
Request URL: /css/bootstrap.min.css.map
Stack Trace:
#0 /var/www/kisan/app/webroot/index.php(108): Dispatcher->dispatch(Object(CakeRequest), Object(CakeResponse))
#1 {main}
2016-09-03 20:26:20 Error: [MissingControllerException] Controller class CssController could not be found.
Exception Attributes: array (
  'class' => 'CssController',
  'plugin' => NULL,
)
Request URL: /css/bootstrap.min.css.map
Stack Trace:
#0 /var/www/kisan/app/webroot/index.php(108): Dispatcher->dispatch(Object(CakeRequest), Object(CakeResponse))
#1 {main}
2016-09-03 20:26:26 Error: [MissingControllerException] Controller class CssController could not be found.
Exception Attributes: array (
  'class' => 'CssController',
  'plugin' => NULL,
)
Request URL: /css/bootstrap.min.css.map
Stack Trace:
#0 /var/www/kisan/app/webroot/index.php(108): Dispatcher->dispatch(Object(CakeRequest), Object(CakeResponse))
#1 {main}
2016-09-03 20:26:29 Error: [MissingControllerException] Controller class CssController could not be found.
Exception Attributes: array (
  'class' => 'CssController',
  'plugin' => NULL,
)
Request URL: /css/bootstrap.min.css.map
Stack Trace:
#0 /var/www/kisan/app/webroot/index.php(108): Dispatcher->dispatch(Object(CakeRequest), Object(CakeResponse))
#1 {main}
2016-09-03 20:26:30 Error: [MissingControllerException] Controller class CssController could not be found.
Exception Attributes: array (
  'class' => 'CssController',
  'plugin' => NULL,
)
Request URL: /css/bootstrap.min.css.map
Stack Trace:
#0 /var/www/kisan/app/webroot/index.php(108): Dispatcher->dispatch(Object(CakeRequest), Object(CakeResponse))
#1 {main}
2016-09-03 20:26:44 Error: [MissingControllerException] Controller class CssController could not be found.
Exception Attributes: array (
  'class' => 'CssController',
  'plugin' => NULL,
)
Request URL: /css/bootstrap.min.css.map
Stack Trace:
#0 /var/www/kisan/app/webroot/index.php(108): Dispatcher->dispatch(Object(CakeRequest), Object(CakeResponse))
#1 {main}
2016-09-03 20:26:47 Error: [MissingControllerException] Controller class CssController could not be found.
Exception Attributes: array (
  'class' => 'CssController',
  'plugin' => NULL,
)
Request URL: /css/bootstrap.min.css.map
Stack Trace:
#0 /var/www/kisan/app/webroot/index.php(108): Dispatcher->dispatch(Object(CakeRequest), Object(CakeResponse))
#1 {main}
2016-09-03 20:26:49 Error: [MissingControllerException] Controller class CssController could not be found.
Exception Attributes: array (
  'class' => 'CssController',
  'plugin' => NULL,
)
Request URL: /css/bootstrap.min.css.map
Stack Trace:
#0 /var/www/kisan/app/webroot/index.php(108): Dispatcher->dispatch(Object(CakeRequest), Object(CakeResponse))
#1 {main}
2016-09-03 20:26:51 Error: [MissingControllerException] Controller class CssController could not be found.
Exception Attributes: array (
  'class' => 'CssController',
  'plugin' => NULL,
)
Request URL: /css/bootstrap.min.css.map
Stack Trace:
#0 /var/www/kisan/app/webroot/index.php(108): Dispatcher->dispatch(Object(CakeRequest), Object(CakeResponse))
#1 {main}
2016-09-03 20:26:52 Error: [MissingControllerException] Controller class CssController could not be found.
Exception Attributes: array (
  'class' => 'CssController',
  'plugin' => NULL,
)
Request URL: /css/bootstrap.min.css.map
Stack Trace:
#0 /var/www/kisan/app/webroot/index.php(108): Dispatcher->dispatch(Object(CakeRequest), Object(CakeResponse))
#1 {main}
2016-09-03 20:36:34 Error: [MissingControllerException] Controller class CssController could not be found.
Exception Attributes: array (
  'class' => 'CssController',
  'plugin' => NULL,
)
Request URL: /css/bootstrap.min.css.map
Stack Trace:
#0 /var/www/kisan/app/webroot/index.php(108): Dispatcher->dispatch(Object(CakeRequest), Object(CakeResponse))
#1 {main}
2016-09-03 20:36:36 Error: [MissingControllerException] Controller class CssController could not be found.
Exception Attributes: array (
  'class' => 'CssController',
  'plugin' => NULL,
)
Request URL: /css/bootstrap.min.css.map
Stack Trace:
#0 /var/www/kisan/app/webroot/index.php(108): Dispatcher->dispatch(Object(CakeRequest), Object(CakeResponse))
#1 {main}
2016-09-03 20:36:39 Error: [MissingControllerException] Controller class CssController could not be found.
Exception Attributes: array (
  'class' => 'CssController',
  'plugin' => NULL,
)
Request URL: /css/bootstrap.min.css.map
Stack Trace:
#0 /var/www/kisan/app/webroot/index.php(108): Dispatcher->dispatch(Object(CakeRequest), Object(CakeResponse))
#1 {main}
2016-09-03 20:36:42 Error: [MissingControllerException] Controller class CssController could not be found.
Exception Attributes: array (
  'class' => 'CssController',
  'plugin' => NULL,
)
Request URL: /css/bootstrap.min.css.map
Stack Trace:
#0 /var/www/kisan/app/webroot/index.php(108): Dispatcher->dispatch(Object(CakeRequest), Object(CakeResponse))
#1 {main}
2016-09-03 21:12:00 Error: [MissingControllerException] Controller class CssController could not be found.
Exception Attributes: array (
  'class' => 'CssController',
  'plugin' => NULL,
)
Request URL: /css/bootstrap.min.css.map
Stack Trace:
#0 /var/www/kisan/app/webroot/index.php(108): Dispatcher->dispatch(Object(CakeRequest), Object(CakeResponse))
#1 {main}
2016-09-03 21:25:41 Error: [MissingControllerException] Controller class CssController could not be found.
Exception Attributes: array (
  'class' => 'CssController',
  'plugin' => NULL,
)
Request URL: /css/bootstrap.min.css.map
Stack Trace:
#0 /var/www/kisan/app/webroot/index.php(108): Dispatcher->dispatch(Object(CakeRequest), Object(CakeResponse))
#1 {main}
2016-09-03 21:25:59 Error: [MissingControllerException] Controller class CssController could not be found.
Exception Attributes: array (
  'class' => 'CssController',
  'plugin' => NULL,
)
Request URL: /css/bootstrap.min.css.map
Stack Trace:
#0 /var/www/kisan/app/webroot/index.php(108): Dispatcher->dispatch(Object(CakeRequest), Object(CakeResponse))
#1 {main}
2016-09-03 21:31:19 Error: [MissingControllerException] Controller class CssController could not be found.
Exception Attributes: array (
  'class' => 'CssController',
  'plugin' => NULL,
)
Request URL: /css/bootstrap.min.css.map
Stack Trace:
#0 /var/www/kisan/app/webroot/index.php(108): Dispatcher->dispatch(Object(CakeRequest), Object(CakeResponse))
#1 {main}
2016-09-03 21:33:54 Error: [MissingControllerException] Controller class CssController could not be found.
Exception Attributes: array (
  'class' => 'CssController',
  'plugin' => NULL,
)
Request URL: /css/bootstrap.min.css.map
Stack Trace:
#0 /var/www/kisan/app/webroot/index.php(108): Dispatcher->dispatch(Object(CakeRequest), Object(CakeResponse))
#1 {main}
2016-09-03 21:33:59 Error: [Exception] Contact Id is required
Request URL: /contacts/view/
Stack Trace:
#0 [internal function]: ContactsController->view()
#1 /var/www/kisan/lib/Cake/Controller/Controller.php(490): ReflectionMethod->invokeArgs(Object(ContactsController), Array)
#2 /var/www/kisan/lib/Cake/Routing/Dispatcher.php(191): Controller->invokeAction(Object(CakeRequest))
#3 /var/www/kisan/lib/Cake/Routing/Dispatcher.php(165): Dispatcher->_invoke(Object(ContactsController), Object(CakeRequest))
#4 /var/www/kisan/app/webroot/index.php(108): Dispatcher->dispatch(Object(CakeRequest), Object(CakeResponse))
#5 {main}
2016-09-03 21:34:00 Error: [MissingControllerException] Controller class CssController could not be found.
Exception Attributes: array (
  'class' => 'CssController',
  'plugin' => NULL,
)
Request URL: /css/bootstrap.min.css.map
Stack Trace:
#0 /var/www/kisan/app/webroot/index.php(108): Dispatcher->dispatch(Object(CakeRequest), Object(CakeResponse))
#1 {main}
2016-09-03 21:34:08 Error: [MissingControllerException] Controller class CssController could not be found.
Exception Attributes: array (
  'class' => 'CssController',
  'plugin' => NULL,
)
Request URL: /css/bootstrap.min.css.map
Stack Trace:
#0 /var/www/kisan/app/webroot/index.php(108): Dispatcher->dispatch(Object(CakeRequest), Object(CakeResponse))
#1 {main}
2016-09-03 22:06:38 Error: [MissingControllerException] Controller class CssController could not be found.
Exception Attributes: array (
  'class' => 'CssController',
  'plugin' => NULL,
)
Request URL: /css/bootstrap.min.css.map
Stack Trace:
#0 /var/www/kisan/app/webroot/index.php(108): Dispatcher->dispatch(Object(CakeRequest), Object(CakeResponse))
#1 {main}
2016-09-03 22:06:46 Error: [MissingControllerException] Controller class CssController could not be found.
Exception Attributes: array (
  'class' => 'CssController',
  'plugin' => NULL,
)
Request URL: /css/bootstrap.min.css.map
Stack Trace:
#0 /var/www/kisan/app/webroot/index.php(108): Dispatcher->dispatch(Object(CakeRequest), Object(CakeResponse))
#1 {main}
2016-09-03 22:07:01 Error: [MissingControllerException] Controller class CssController could not be found.
Exception Attributes: array (
  'class' => 'CssController',
  'plugin' => NULL,
)
Request URL: /css/bootstrap.min.css.map
Stack Trace:
#0 /var/www/kisan/app/webroot/index.php(108): Dispatcher->dispatch(Object(CakeRequest), Object(CakeResponse))
#1 {main}
2016-09-03 22:07:04 Error: [MissingControllerException] Controller class CssController could not be found.
Exception Attributes: array (
  'class' => 'CssController',
  'plugin' => NULL,
)
Request URL: /css/bootstrap.min.css.map
Stack Trace:
#0 /var/www/kisan/app/webroot/index.php(108): Dispatcher->dispatch(Object(CakeRequest), Object(CakeResponse))
#1 {main}
2016-09-03 22:11:39 Error: [MissingControllerException] Controller class CssController could not be found.
Exception Attributes: array (
  'class' => 'CssController',
  'plugin' => NULL,
)
Request URL: /css/bootstrap.min.css.map
Stack Trace:
#0 /var/www/kisan/app/webroot/index.php(108): Dispatcher->dispatch(Object(CakeRequest), Object(CakeResponse))
#1 {main}
2016-09-03 22:11:49 Error: [MissingControllerException] Controller class CssController could not be found.
Exception Attributes: array (
  'class' => 'CssController',
  'plugin' => NULL,
)
Request URL: /css/bootstrap.min.css.map
Stack Trace:
#0 /var/www/kisan/app/webroot/index.php(108): Dispatcher->dispatch(Object(CakeRequest), Object(CakeResponse))
#1 {main}
2016-09-03 22:12:45 Error: [MissingControllerException] Controller class CssController could not be found.
Exception Attributes: array (
  'class' => 'CssController',
  'plugin' => NULL,
)
Request URL: /css/bootstrap.min.css.map
Stack Trace:
#0 /var/www/kisan/app/webroot/index.php(108): Dispatcher->dispatch(Object(CakeRequest), Object(CakeResponse))
#1 {main}
2016-09-03 22:15:26 Error: [MissingControllerException] Controller class CssController could not be found.
Exception Attributes: array (
  'class' => 'CssController',
  'plugin' => NULL,
)
Request URL: /css/bootstrap.min.css.map
Stack Trace:
#0 /var/www/kisan/app/webroot/index.php(108): Dispatcher->dispatch(Object(CakeRequest), Object(CakeResponse))
#1 {main}
2016-09-03 22:16:52 Error: [MissingControllerException] Controller class CssController could not be found.
Exception Attributes: array (
  'class' => 'CssController',
  'plugin' => NULL,
)
Request URL: /css/bootstrap.min.css.map
Stack Trace:
#0 /var/www/kisan/app/webroot/index.php(108): Dispatcher->dispatch(Object(CakeRequest), Object(CakeResponse))
#1 {main}
2016-09-03 22:19:14 Error: [MissingControllerException] Controller class CssController could not be found.
Exception Attributes: array (
  'class' => 'CssController',
  'plugin' => NULL,
)
Request URL: /css/bootstrap.min.css.map
Stack Trace:
#0 /var/www/kisan/app/webroot/index.php(108): Dispatcher->dispatch(Object(CakeRequest), Object(CakeResponse))
#1 {main}
2016-09-03 22:19:36 Error: [MissingControllerException] Controller class CssController could not be found.
Exception Attributes: array (
  'class' => 'CssController',
  'plugin' => NULL,
)
Request URL: /css/bootstrap.min.css.map
Stack Trace:
#0 /var/www/kisan/app/webroot/index.php(108): Dispatcher->dispatch(Object(CakeRequest), Object(CakeResponse))
#1 {main}
2016-09-03 22:21:42 Error: [MissingControllerException] Controller class CssController could not be found.
Exception Attributes: array (
  'class' => 'CssController',
  'plugin' => NULL,
)
Request URL: /css/bootstrap.min.css.map
Stack Trace:
#0 /var/www/kisan/app/webroot/index.php(108): Dispatcher->dispatch(Object(CakeRequest), Object(CakeResponse))
#1 {main}
2016-09-03 22:23:15 Error: [MissingControllerException] Controller class CssController could not be found.
Exception Attributes: array (
  'class' => 'CssController',
  'plugin' => NULL,
)
Request URL: /css/bootstrap.min.css.map
Stack Trace:
#0 /var/www/kisan/app/webroot/index.php(108): Dispatcher->dispatch(Object(CakeRequest), Object(CakeResponse))
#1 {main}
2016-09-03 22:28:18 Error: Fatal Error (1): Call to a member function find() on a non-object in [/var/www/kisan/app/Controller/MessagesController.php, line 18]
2016-09-03 22:28:18 Error: [FatalErrorException] Call to a member function find() on a non-object
Request URL: /messages/index
Stack Trace:
#0 /var/www/kisan/lib/Cake/Error/ErrorHandler.php(203): ErrorHandler::handleFatalError(1, 'Call to a membe...', '/var/www/kisan/...', 18)
#1 [internal function]: ErrorHandler::handleError(1, 'Call to a membe...', '/var/www/kisan/...', 18, Array)
#2 /var/www/kisan/lib/Cake/Core/App.php(931): call_user_func('ErrorHandler::h...', 1, 'Call to a membe...', '/var/www/kisan/...', 18, Array)
#3 /var/www/kisan/lib/Cake/Core/App.php(904): App::_checkFatalError()
#4 [internal function]: App::shutdown()
#5 {main}
2016-09-03 22:28:18 Error: [MissingControllerException] Controller class CssController could not be found.
Exception Attributes: array (
  'class' => 'CssController',
  'plugin' => NULL,
)
Request URL: /css/bootstrap.min.css.map
Stack Trace:
#0 /var/www/kisan/app/webroot/index.php(108): Dispatcher->dispatch(Object(CakeRequest), Object(CakeResponse))
#1 {main}
2016-09-03 22:29:31 Error: [MissingControllerException] Controller class CssController could not be found.
Exception Attributes: array (
  'class' => 'CssController',
  'plugin' => NULL,
)
Request URL: /css/bootstrap.min.css.map
Stack Trace:
#0 /var/www/kisan/app/webroot/index.php(108): Dispatcher->dispatch(Object(CakeRequest), Object(CakeResponse))
#1 {main}
2016-09-03 22:35:16 Error: [MissingControllerException] Controller class CssController could not be found.
Exception Attributes: array (
  'class' => 'CssController',
  'plugin' => NULL,
)
Request URL: /css/bootstrap.min.css.map
Stack Trace:
#0 /var/www/kisan/app/webroot/index.php(108): Dispatcher->dispatch(Object(CakeRequest), Object(CakeResponse))
#1 {main}
2016-09-03 22:35:19 Error: [MissingControllerException] Controller class CssController could not be found.
Exception Attributes: array (
  'class' => 'CssController',
  'plugin' => NULL,
)
Request URL: /css/bootstrap.min.css.map
Stack Trace:
#0 /var/www/kisan/app/webroot/index.php(108): Dispatcher->dispatch(Object(CakeRequest), Object(CakeResponse))
#1 {main}
2016-09-03 22:35:22 Error: [MissingControllerException] Controller class CssController could not be found.
Exception Attributes: array (
  'class' => 'CssController',
  'plugin' => NULL,
)
Request URL: /css/bootstrap.min.css.map
Stack Trace:
#0 /var/www/kisan/app/webroot/index.php(108): Dispatcher->dispatch(Object(CakeRequest), Object(CakeResponse))
#1 {main}
2016-09-03 23:15:33 Error: [MissingControllerException] Controller class CssController could not be found.
Exception Attributes: array (
  'class' => 'CssController',
  'plugin' => NULL,
)
Request URL: /css/bootstrap.min.css.map
Stack Trace:
#0 /var/www/kisan/app/webroot/index.php(108): Dispatcher->dispatch(Object(CakeRequest), Object(CakeResponse))
#1 {main}
2016-09-03 23:15:39 Error: [MissingControllerException] Controller class CssController could not be found.
Exception Attributes: array (
  'class' => 'CssController',
  'plugin' => NULL,
)
Request URL: /css/bootstrap.min.css.map
Stack Trace:
#0 /var/www/kisan/app/webroot/index.php(108): Dispatcher->dispatch(Object(CakeRequest), Object(CakeResponse))
#1 {main}
2016-09-03 23:16:24 Error: [MissingControllerException] Controller class CssController could not be found.
Exception Attributes: array (
  'class' => 'CssController',
  'plugin' => NULL,
)
Request URL: /css/bootstrap.min.css.map
Stack Trace:
#0 /var/www/kisan/app/webroot/index.php(108): Dispatcher->dispatch(Object(CakeRequest), Object(CakeResponse))
#1 {main}
2016-09-03 23:16:29 Error: [MissingControllerException] Controller class CssController could not be found.
Exception Attributes: array (
  'class' => 'CssController',
  'plugin' => NULL,
)
Request URL: /css/bootstrap.min.css.map
Stack Trace:
#0 /var/www/kisan/app/webroot/index.php(108): Dispatcher->dispatch(Object(CakeRequest), Object(CakeResponse))
#1 {main}
2016-09-03 23:16:43 Error: [MissingControllerException] Controller class CssController could not be found.
Exception Attributes: array (
  'class' => 'CssController',
  'plugin' => NULL,
)
Request URL: /css/bootstrap.min.css.map
Stack Trace:
#0 /var/www/kisan/app/webroot/index.php(108): Dispatcher->dispatch(Object(CakeRequest), Object(CakeResponse))
#1 {main}
2016-09-03 23:17:24 Error: [MissingControllerException] Controller class CssController could not be found.
Exception Attributes: array (
  'class' => 'CssController',
  'plugin' => NULL,
)
Request URL: /css/bootstrap.min.css.map
Stack Trace:
#0 /var/www/kisan/app/webroot/index.php(108): Dispatcher->dispatch(Object(CakeRequest), Object(CakeResponse))
#1 {main}
2016-09-03 23:17:28 Error: [MissingControllerException] Controller class CssController could not be found.
Exception Attributes: array (
  'class' => 'CssController',
  'plugin' => NULL,
)
Request URL: /css/bootstrap.min.css.map
Stack Trace:
#0 /var/www/kisan/app/webroot/index.php(108): Dispatcher->dispatch(Object(CakeRequest), Object(CakeResponse))
#1 {main}
2016-09-03 23:17:33 Error: [MissingActionException] Action ContactsController::send_messages() could not be found.
Exception Attributes: array (
  'controller' => 'ContactsController',
  'action' => 'send_messages',
)
Request URL: /contacts/send_messages/1
Stack Trace:
#0 /var/www/kisan/lib/Cake/Routing/Dispatcher.php(191): Controller->invokeAction(Object(CakeRequest))
#1 /var/www/kisan/lib/Cake/Routing/Dispatcher.php(165): Dispatcher->_invoke(Object(ContactsController), Object(CakeRequest))
#2 /var/www/kisan/app/webroot/index.php(108): Dispatcher->dispatch(Object(CakeRequest), Object(CakeResponse))
#3 {main}
2016-09-03 23:20:32 Error: [MissingControllerException] Controller class CssController could not be found.
Exception Attributes: array (
  'class' => 'CssController',
  'plugin' => NULL,
)
Request URL: /css/bootstrap.min.css.map
Stack Trace:
#0 /var/www/kisan/app/webroot/index.php(108): Dispatcher->dispatch(Object(CakeRequest), Object(CakeResponse))
#1 {main}
2016-09-03 23:22:22 Error: [MissingControllerException] Controller class CssController could not be found.
Exception Attributes: array (
  'class' => 'CssController',
  'plugin' => NULL,
)
Request URL: /css/bootstrap.min.css.map
Stack Trace:
#0 /var/www/kisan/app/webroot/index.php(108): Dispatcher->dispatch(Object(CakeRequest), Object(CakeResponse))
#1 {main}
2016-09-03 23:22:24 Error: [MissingControllerException] Controller class CssController could not be found.
Exception Attributes: array (
  'class' => 'CssController',
  'plugin' => NULL,
)
Request URL: /css/bootstrap.min.css.map
Stack Trace:
#0 /var/www/kisan/app/webroot/index.php(108): Dispatcher->dispatch(Object(CakeRequest), Object(CakeResponse))
#1 {main}
2016-09-04 08:26:36 Error: [MissingControllerException] Controller class CssController could not be found.
Exception Attributes: array (
  'class' => 'CssController',
  'plugin' => NULL,
)
Request URL: /css/bootstrap.min.css.map
Stack Trace:
#0 /var/www/kisan/app/webroot/index.php(108): Dispatcher->dispatch(Object(CakeRequest), Object(CakeResponse))
#1 {main}
2016-09-04 08:26:39 Error: [MissingControllerException] Controller class CssController could not be found.
Exception Attributes: array (
  'class' => 'CssController',
  'plugin' => NULL,
)
Request URL: /css/bootstrap.min.css.map
Stack Trace:
#0 /var/www/kisan/app/webroot/index.php(108): Dispatcher->dispatch(Object(CakeRequest), Object(CakeResponse))
#1 {main}
2016-09-04 08:26:58 Error: [MissingControllerException] Controller class CssController could not be found.
Exception Attributes: array (
  'class' => 'CssController',
  'plugin' => NULL,
)
Request URL: /css/bootstrap.min.css.map
Stack Trace:
#0 /var/www/kisan/app/webroot/index.php(108): Dispatcher->dispatch(Object(CakeRequest), Object(CakeResponse))
#1 {main}
2016-09-04 08:27:01 Error: [MissingControllerException] Controller class CssController could not be found.
Exception Attributes: array (
  'class' => 'CssController',
  'plugin' => NULL,
)
Request URL: /css/bootstrap.min.css.map
Stack Trace:
#0 /var/www/kisan/app/webroot/index.php(108): Dispatcher->dispatch(Object(CakeRequest), Object(CakeResponse))
#1 {main}
2016-09-04 08:27:02 Error: [MissingControllerException] Controller class CssController could not be found.
Exception Attributes: array (
  'class' => 'CssController',
  'plugin' => NULL,
)
Request URL: /css/bootstrap.min.css.map
Stack Trace:
#0 /var/www/kisan/app/webroot/index.php(108): Dispatcher->dispatch(Object(CakeRequest), Object(CakeResponse))
#1 {main}
2016-09-04 08:27:05 Error: [MissingControllerException] Controller class CssController could not be found.
Exception Attributes: array (
  'class' => 'CssController',
  'plugin' => NULL,
)
Request URL: /css/bootstrap.min.css.map
Stack Trace:
#0 /var/www/kisan/app/webroot/index.php(108): Dispatcher->dispatch(Object(CakeRequest), Object(CakeResponse))
#1 {main}
2016-09-04 08:27:07 Error: [MissingControllerException] Controller class CssController could not be found.
Exception Attributes: array (
  'class' => 'CssController',
  'plugin' => NULL,
)
Request URL: /css/bootstrap.min.css.map
Stack Trace:
#0 /var/www/kisan/app/webroot/index.php(108): Dispatcher->dispatch(Object(CakeRequest), Object(CakeResponse))
#1 {main}
2016-09-04 08:27:10 Error: [MissingControllerException] Controller class CssController could not be found.
Exception Attributes: array (
  'class' => 'CssController',
  'plugin' => NULL,
)
Request URL: /css/bootstrap.min.css.map
Stack Trace:
#0 /var/www/kisan/app/webroot/index.php(108): Dispatcher->dispatch(Object(CakeRequest), Object(CakeResponse))
#1 {main}
2016-09-04 08:27:12 Error: [MissingControllerException] Controller class CssController could not be found.
Exception Attributes: array (
  'class' => 'CssController',
  'plugin' => NULL,
)
Request URL: /css/bootstrap.min.css.map
Stack Trace:
#0 /var/www/kisan/app/webroot/index.php(108): Dispatcher->dispatch(Object(CakeRequest), Object(CakeResponse))
#1 {main}
2016-09-04 08:29:22 Error: [MissingControllerException] Controller class CssController could not be found.
Exception Attributes: array (
  'class' => 'CssController',
  'plugin' => NULL,
)
Request URL: /css/bootstrap.min.css.map
Stack Trace:
#0 /var/www/kisan/app/webroot/index.php(108): Dispatcher->dispatch(Object(CakeRequest), Object(CakeResponse))
#1 {main}
2016-09-04 08:34:10 Error: [MissingControllerException] Controller class CssController could not be found.
Exception Attributes: array (
  'class' => 'CssController',
  'plugin' => NULL,
)
Request URL: /css/bootstrap.min.css.map
Stack Trace:
#0 /var/www/kisan/app/webroot/index.php(108): Dispatcher->dispatch(Object(CakeRequest), Object(CakeResponse))
#1 {main}
2016-09-04 08:34:15 Error: [MissingControllerException] Controller class CssController could not be found.
Exception Attributes: array (
  'class' => 'CssController',
  'plugin' => NULL,
)
Request URL: /css/bootstrap.min.css.map
Stack Trace:
#0 /var/www/kisan/app/webroot/index.php(108): Dispatcher->dispatch(Object(CakeRequest), Object(CakeResponse))
#1 {main}
2016-09-04 08:35:11 Error: [MissingControllerException] Controller class CssController could not be found.
Exception Attributes: array (
  'class' => 'CssController',
  'plugin' => NULL,
)
Request URL: /css/bootstrap.min.css.map
Stack Trace:
#0 /var/www/kisan/app/webroot/index.php(108): Dispatcher->dispatch(Object(CakeRequest), Object(CakeResponse))
#1 {main}
2016-09-04 08:35:15 Error: [MissingControllerException] Controller class CssController could not be found.
Exception Attributes: array (
  'class' => 'CssController',
  'plugin' => NULL,
)
Request URL: /css/bootstrap.min.css.map
Stack Trace:
#0 /var/www/kisan/app/webroot/index.php(108): Dispatcher->dispatch(Object(CakeRequest), Object(CakeResponse))
#1 {main}
2016-09-04 08:36:28 Error: [MissingControllerException] Controller class CssController could not be found.
Exception Attributes: array (
  'class' => 'CssController',
  'plugin' => NULL,
)
Request URL: /css/bootstrap.min.css.map
Stack Trace:
#0 /var/www/kisan/app/webroot/index.php(108): Dispatcher->dispatch(Object(CakeRequest), Object(CakeResponse))
#1 {main}
2016-09-04 08:36:32 Error: [MissingControllerException] Controller class CssController could not be found.
Exception Attributes: array (
  'class' => 'CssController',
  'plugin' => NULL,
)
Request URL: /css/bootstrap.min.css.map
Stack Trace:
#0 /var/www/kisan/app/webroot/index.php(108): Dispatcher->dispatch(Object(CakeRequest), Object(CakeResponse))
#1 {main}
2016-09-04 08:36:56 Error: [MissingControllerException] Controller class CssController could not be found.
Exception Attributes: array (
  'class' => 'CssController',
  'plugin' => NULL,
)
Request URL: /css/bootstrap.min.css.map
Stack Trace:
#0 /var/www/kisan/app/webroot/index.php(108): Dispatcher->dispatch(Object(CakeRequest), Object(CakeResponse))
#1 {main}
2016-09-04 08:37:02 Error: [MissingControllerException] Controller class CssController could not be found.
Exception Attributes: array (
  'class' => 'CssController',
  'plugin' => NULL,
)
Request URL: /css/bootstrap.min.css.map
Stack Trace:
#0 /var/www/kisan/app/webroot/index.php(108): Dispatcher->dispatch(Object(CakeRequest), Object(CakeResponse))
#1 {main}
2016-09-04 08:37:06 Error: [MissingControllerException] Controller class CssController could not be found.
Exception Attributes: array (
  'class' => 'CssController',
  'plugin' => NULL,
)
Request URL: /css/bootstrap.min.css.map
Stack Trace:
#0 /var/www/kisan/app/webroot/index.php(108): Dispatcher->dispatch(Object(CakeRequest), Object(CakeResponse))
#1 {main}
2016-09-04 08:37:50 Error: [MissingControllerException] Controller class CssController could not be found.
Exception Attributes: array (
  'class' => 'CssController',
  'plugin' => NULL,
)
Request URL: /css/bootstrap.min.css.map
Stack Trace:
#0 /var/www/kisan/app/webroot/index.php(108): Dispatcher->dispatch(Object(CakeRequest), Object(CakeResponse))
#1 {main}
2016-09-04 08:38:08 Error: [MissingControllerException] Controller class CssController could not be found.
Exception Attributes: array (
  'class' => 'CssController',
  'plugin' => NULL,
)
Request URL: /css/bootstrap.min.css.map
Stack Trace:
#0 /var/www/kisan/app/webroot/index.php(108): Dispatcher->dispatch(Object(CakeRequest), Object(CakeResponse))
#1 {main}
2016-09-04 08:38:13 Error: [MissingControllerException] Controller class CssController could not be found.
Exception Attributes: array (
  'class' => 'CssController',
  'plugin' => NULL,
)
Request URL: /css/bootstrap.min.css.map
Stack Trace:
#0 /var/www/kisan/app/webroot/index.php(108): Dispatcher->dispatch(Object(CakeRequest), Object(CakeResponse))
#1 {main}
2016-09-04 08:38:16 Error: [MissingControllerException] Controller class CssController could not be found.
Exception Attributes: array (
  'class' => 'CssController',
  'plugin' => NULL,
)
Request URL: /css/bootstrap.min.css.map
Stack Trace:
#0 /var/www/kisan/app/webroot/index.php(108): Dispatcher->dispatch(Object(CakeRequest), Object(CakeResponse))
#1 {main}
2016-09-04 08:38:36 Error: [MissingControllerException] Controller class CssController could not be found.
Exception Attributes: array (
  'class' => 'CssController',
  'plugin' => NULL,
)
Request URL: /css/bootstrap.min.css.map
Stack Trace:
#0 /var/www/kisan/app/webroot/index.php(108): Dispatcher->dispatch(Object(CakeRequest), Object(CakeResponse))
#1 {main}
2016-09-04 09:17:14 Error: [MissingControllerException] Controller class CssController could not be found.
Exception Attributes: array (
  'class' => 'CssController',
  'plugin' => NULL,
)
Request URL: /css/bootstrap.min.css.map
Stack Trace:
#0 /var/www/kisan/app/webroot/index.php(108): Dispatcher->dispatch(Object(CakeRequest), Object(CakeResponse))
#1 {main}
2016-09-04 09:17:20 Error: [MissingControllerException] Controller class CssController could not be found.
Exception Attributes: array (
  'class' => 'CssController',
  'plugin' => NULL,
)
Request URL: /css/bootstrap.min.css.map
Stack Trace:
#0 /var/www/kisan/app/webroot/index.php(108): Dispatcher->dispatch(Object(CakeRequest), Object(CakeResponse))
#1 {main}
2016-09-04 09:17:23 Error: [MissingControllerException] Controller class CssController could not be found.
Exception Attributes: array (
  'class' => 'CssController',
  'plugin' => NULL,
)
Request URL: /css/bootstrap.min.css.map
Stack Trace:
#0 /var/www/kisan/app/webroot/index.php(108): Dispatcher->dispatch(Object(CakeRequest), Object(CakeResponse))
#1 {main}
2016-09-04 09:17:28 Error: [MissingActionException] Action ContactsController::send_messages() could not be found.
Exception Attributes: array (
  'controller' => 'ContactsController',
  'action' => 'send_messages',
)
Request URL: /contacts/send_messages/1
Stack Trace:
#0 /var/www/kisan/lib/Cake/Routing/Dispatcher.php(191): Controller->invokeAction(Object(CakeRequest))
#1 /var/www/kisan/lib/Cake/Routing/Dispatcher.php(165): Dispatcher->_invoke(Object(ContactsController), Object(CakeRequest))
#2 /var/www/kisan/app/webroot/index.php(108): Dispatcher->dispatch(Object(CakeRequest), Object(CakeResponse))
#3 {main}
2016-09-04 09:17:50 Error: [MissingControllerException] Controller class CssController could not be found.
Exception Attributes: array (
  'class' => 'CssController',
  'plugin' => NULL,
)
Request URL: /css/bootstrap.min.css.map
Stack Trace:
#0 /var/www/kisan/app/webroot/index.php(108): Dispatcher->dispatch(Object(CakeRequest), Object(CakeResponse))
#1 {main}
2016-09-04 09:17:54 Error: [PDOException] SQLSTATE[42000]: Syntax error or access violation: 1064 You have an error in your SQL syntax; check the manual that corresponds to your MySQL server version for the right syntax to use near 'sendMessages' at line 1
Request URL: /messages/send_messages/1
Stack Trace:
#0 /var/www/kisan/lib/Cake/Model/Datasource/DboSource.php(458): PDOStatement->execute(Array)
#1 /var/www/kisan/lib/Cake/Model/Datasource/DboSource.php(424): DboSource->_execute('sendMessages', Array)
#2 /var/www/kisan/lib/Cake/Model/Datasource/DboSource.php(666): DboSource->execute('sendMessages', Array, Array)
#3 /var/www/kisan/lib/Cake/Model/Datasource/DboSource.php(609): DboSource->fetchAll('sendMessages', Array, Array)
#4 /var/www/kisan/lib/Cake/Model/Model.php(808): DboSource->query('sendMessages', Array, Object(Message))
#5 /var/www/kisan/app/Controller/MessagesController.php(23): Model->__call('sendMessages', Array)
#6 /var/www/kisan/app/Controller/MessagesController.php(23): Message->sendMessages()
#7 [internal function]: MessagesController->send_messages('1')
#8 /var/www/kisan/lib/Cake/Controller/Controller.php(490): ReflectionMethod->invokeArgs(Object(MessagesController), Array)
#9 /var/www/kisan/lib/Cake/Routing/Dispatcher.php(191): Controller->invokeAction(Object(CakeRequest))
#10 /var/www/kisan/lib/Cake/Routing/Dispatcher.php(165): Dispatcher->_invoke(Object(MessagesController), Object(CakeRequest))
#11 /var/www/kisan/app/webroot/index.php(108): Dispatcher->dispatch(Object(CakeRequest), Object(CakeResponse))
#12 {main}
2016-09-04 09:21:06 Error: [MissingControllerException] Controller class CssController could not be found.
Exception Attributes: array (
  'class' => 'CssController',
  'plugin' => NULL,
)
Request URL: /css/bootstrap.min.css.map
Stack Trace:
#0 /var/www/kisan/app/webroot/index.php(108): Dispatcher->dispatch(Object(CakeRequest), Object(CakeResponse))
#1 {main}
2016-09-04 09:21:10 Error: [PDOException] SQLSTATE[42000]: Syntax error or access violation: 1064 You have an error in your SQL syntax; check the manual that corresponds to your MySQL server version for the right syntax to use near 'sendMessages' at line 1
Request URL: /messages/send_messages/1
Stack Trace:
#0 /var/www/kisan/lib/Cake/Model/Datasource/DboSource.php(458): PDOStatement->execute(Array)
#1 /var/www/kisan/lib/Cake/Model/Datasource/DboSource.php(424): DboSource->_execute('sendMessages', Array)
#2 /var/www/kisan/lib/Cake/Model/Datasource/DboSource.php(666): DboSource->execute('sendMessages', Array, Array)
#3 /var/www/kisan/lib/Cake/Model/Datasource/DboSource.php(609): DboSource->fetchAll('sendMessages', Array, Array)
#4 /var/www/kisan/lib/Cake/Model/Model.php(808): DboSource->query('sendMessages', Array, Object(Message))
#5 /var/www/kisan/app/Controller/MessagesController.php(23): Model->__call('sendMessages', Array)
#6 /var/www/kisan/app/Controller/MessagesController.php(23): Message->sendMessages()
#7 [internal function]: MessagesController->send_messages('1')
#8 /var/www/kisan/lib/Cake/Controller/Controller.php(490): ReflectionMethod->invokeArgs(Object(MessagesController), Array)
#9 /var/www/kisan/lib/Cake/Routing/Dispatcher.php(191): Controller->invokeAction(Object(CakeRequest))
#10 /var/www/kisan/lib/Cake/Routing/Dispatcher.php(165): Dispatcher->_invoke(Object(MessagesController), Object(CakeRequest))
#11 /var/www/kisan/app/webroot/index.php(108): Dispatcher->dispatch(Object(CakeRequest), Object(CakeResponse))
#12 {main}
2016-09-04 09:21:34 Error: [MissingControllerException] Controller class CssController could not be found.
Exception Attributes: array (
  'class' => 'CssController',
  'plugin' => NULL,
)
Request URL: /css/bootstrap.min.css.map
Stack Trace:
#0 /var/www/kisan/app/webroot/index.php(108): Dispatcher->dispatch(Object(CakeRequest), Object(CakeResponse))
#1 {main}
2016-09-04 09:22:37 Error: [MissingControllerException] Controller class CssController could not be found.
Exception Attributes: array (
  'class' => 'CssController',
  'plugin' => NULL,
)
Request URL: /css/bootstrap.min.css.map
Stack Trace:
#0 /var/www/kisan/app/webroot/index.php(108): Dispatcher->dispatch(Object(CakeRequest), Object(CakeResponse))
#1 {main}
2016-09-04 09:22:41 Error: [PDOException] SQLSTATE[42000]: Syntax error or access violation: 1064 You have an error in your SQL syntax; check the manual that corresponds to your MySQL server version for the right syntax to use near 'sendMessages' at line 1
Request URL: /messages/send_messages/1
Stack Trace:
#0 /var/www/kisan/lib/Cake/Model/Datasource/DboSource.php(458): PDOStatement->execute(Array)
#1 /var/www/kisan/lib/Cake/Model/Datasource/DboSource.php(424): DboSource->_execute('sendMessages', Array)
#2 /var/www/kisan/lib/Cake/Model/Datasource/DboSource.php(666): DboSource->execute('sendMessages', Array, Array)
#3 /var/www/kisan/lib/Cake/Model/Datasource/DboSource.php(609): DboSource->fetchAll('sendMessages', Array, Array)
#4 /var/www/kisan/lib/Cake/Model/Model.php(808): DboSource->query('sendMessages', Array, Object(Message))
#5 /var/www/kisan/app/Controller/MessagesController.php(24): Model->__call('sendMessages', Array)
#6 /var/www/kisan/app/Controller/MessagesController.php(24): Message->sendMessages()
#7 [internal function]: MessagesController->send_messages('1')
#8 /var/www/kisan/lib/Cake/Controller/Controller.php(490): ReflectionMethod->invokeArgs(Object(MessagesController), Array)
#9 /var/www/kisan/lib/Cake/Routing/Dispatcher.php(191): Controller->invokeAction(Object(CakeRequest))
#10 /var/www/kisan/lib/Cake/Routing/Dispatcher.php(165): Dispatcher->_invoke(Object(MessagesController), Object(CakeRequest))
#11 /var/www/kisan/app/webroot/index.php(108): Dispatcher->dispatch(Object(CakeRequest), Object(CakeResponse))
#12 {main}
2016-09-04 09:25:45 Error: [MissingControllerException] Controller class CssController could not be found.
Exception Attributes: array (
  'class' => 'CssController',
  'plugin' => NULL,
)
Request URL: /css/bootstrap.min.css.map
Stack Trace:
#0 /var/www/kisan/app/webroot/index.php(108): Dispatcher->dispatch(Object(CakeRequest), Object(CakeResponse))
#1 {main}
2016-09-04 09:25:50 Error: Fatal Error (1): Class 'NexmoMessage' not found in [/var/www/kisan/app/Model/Message.php, line 30]
2016-09-04 09:25:50 Error: [FatalErrorException] Class 'NexmoMessage' not found
Request URL: /messages/send_messages/1
Stack Trace:
#0 /var/www/kisan/lib/Cake/Error/ErrorHandler.php(203): ErrorHandler::handleFatalError(1, 'Class 'NexmoMes...', '/var/www/kisan/...', 30)
#1 [internal function]: ErrorHandler::handleError(1, 'Class 'NexmoMes...', '/var/www/kisan/...', 30, Array)
#2 /var/www/kisan/lib/Cake/Core/App.php(931): call_user_func('ErrorHandler::h...', 1, 'Class 'NexmoMes...', '/var/www/kisan/...', 30, Array)
#3 /var/www/kisan/lib/Cake/Core/App.php(904): App::_checkFatalError()
#4 [internal function]: App::shutdown()
#5 {main}
2016-09-04 09:25:59 Error: Fatal Error (1): Class 'NexmoMessage' not found in [/var/www/kisan/app/Model/Message.php, line 30]
2016-09-04 09:25:59 Error: [FatalErrorException] Class 'NexmoMessage' not found
Request URL: /messages/send_messages/1
Stack Trace:
#0 /var/www/kisan/lib/Cake/Error/ErrorHandler.php(203): ErrorHandler::handleFatalError(1, 'Class 'NexmoMes...', '/var/www/kisan/...', 30)
#1 [internal function]: ErrorHandler::handleError(1, 'Class 'NexmoMes...', '/var/www/kisan/...', 30, Array)
#2 /var/www/kisan/lib/Cake/Core/App.php(931): call_user_func('ErrorHandler::h...', 1, 'Class 'NexmoMes...', '/var/www/kisan/...', 30, Array)
#3 /var/www/kisan/lib/Cake/Core/App.php(904): App::_checkFatalError()
#4 [internal function]: App::shutdown()
#5 {main}
2016-09-04 09:26:03 Error: Fatal Error (1): Class 'NexmoMessage' not found in [/var/www/kisan/app/Model/Message.php, line 30]
2016-09-04 09:26:03 Error: [FatalErrorException] Class 'NexmoMessage' not found
Request URL: /messages/send_messages/1
Stack Trace:
#0 /var/www/kisan/lib/Cake/Error/ErrorHandler.php(203): ErrorHandler::handleFatalError(1, 'Class 'NexmoMes...', '/var/www/kisan/...', 30)
#1 [internal function]: ErrorHandler::handleError(1, 'Class 'NexmoMes...', '/var/www/kisan/...', 30, Array)
#2 /var/www/kisan/lib/Cake/Core/App.php(931): call_user_func('ErrorHandler::h...', 1, 'Class 'NexmoMes...', '/var/www/kisan/...', 30, Array)
#3 /var/www/kisan/lib/Cake/Core/App.php(904): App::_checkFatalError()
#4 [internal function]: App::shutdown()
#5 {main}
2016-09-04 09:43:06 Error: [MissingControllerException] Controller class CssController could not be found.
Exception Attributes: array (
  'class' => 'CssController',
  'plugin' => NULL,
)
Request URL: /css/bootstrap.min.css.map
Stack Trace:
#0 /var/www/kisan/app/webroot/index.php(108): Dispatcher->dispatch(Object(CakeRequest), Object(CakeResponse))
#1 {main}
2016-09-04 09:43:10 Error: [MissingControllerException] Controller class CssController could not be found.
Exception Attributes: array (
  'class' => 'CssController',
  'plugin' => NULL,
)
Request URL: /css/bootstrap.min.css.map
Stack Trace:
#0 /var/www/kisan/app/webroot/index.php(108): Dispatcher->dispatch(Object(CakeRequest), Object(CakeResponse))
#1 {main}
2016-09-04 09:43:12 Error: [MissingViewException] View file "/var/www/kisan/app/View/Messages/generate_o_t_p.ctp" is missing.
Exception Attributes: array (
  'file' => '/var/www/kisan/app/View/Messages/generate_o_t_p.ctp',
)
Request URL: /messages/generateOTP
Stack Trace:
#0 /var/www/kisan/lib/Cake/View/View.php(468): View->_getViewFileName(NULL)
#1 /var/www/kisan/lib/Cake/Controller/Controller.php(954): View->render(NULL, NULL)
#2 /var/www/kisan/lib/Cake/Routing/Dispatcher.php(198): Controller->render()
#3 /var/www/kisan/lib/Cake/Routing/Dispatcher.php(165): Dispatcher->_invoke(Object(MessagesController), Object(CakeRequest))
#4 /var/www/kisan/app/webroot/index.php(108): Dispatcher->dispatch(Object(CakeRequest), Object(CakeResponse))
#5 {main}
2016-09-04 09:55:03 Error: [MissingControllerException] Controller class CssController could not be found.
Exception Attributes: array (
  'class' => 'CssController',
  'plugin' => NULL,
)
Request URL: /css/bootstrap.min.css.map
Stack Trace:
#0 /var/www/kisan/app/webroot/index.php(108): Dispatcher->dispatch(Object(CakeRequest), Object(CakeResponse))
#1 {main}
2016-09-04 09:55:06 Error: [MissingControllerException] Controller class CssController could not be found.
Exception Attributes: array (
  'class' => 'CssController',
  'plugin' => NULL,
)
Request URL: /css/bootstrap.min.css.map
Stack Trace:
#0 /var/www/kisan/app/webroot/index.php(108): Dispatcher->dispatch(Object(CakeRequest), Object(CakeResponse))
#1 {main}
2016-09-04 09:55:09 Error: [MissingControllerException] Controller class CssController could not be found.
Exception Attributes: array (
  'class' => 'CssController',
  'plugin' => NULL,
)
Request URL: /css/bootstrap.min.css.map
Stack Trace:
#0 /var/www/kisan/app/webroot/index.php(108): Dispatcher->dispatch(Object(CakeRequest), Object(CakeResponse))
#1 {main}
2016-09-04 09:55:11 Error: [MissingControllerException] Controller class CssController could not be found.
Exception Attributes: array (
  'class' => 'CssController',
  'plugin' => NULL,
)
Request URL: /css/bootstrap.min.css.map
Stack Trace:
#0 /var/www/kisan/app/webroot/index.php(108): Dispatcher->dispatch(Object(CakeRequest), Object(CakeResponse))
#1 {main}
2016-09-04 09:55:12 Error: [MissingViewException] View file "/var/www/kisan/app/View/Messages/generate_o_t_p.ctp" is missing.
Exception Attributes: array (
  'file' => '/var/www/kisan/app/View/Messages/generate_o_t_p.ctp',
)
Request URL: /messages/generateOTP
Stack Trace:
#0 /var/www/kisan/lib/Cake/View/View.php(468): View->_getViewFileName(NULL)
#1 /var/www/kisan/lib/Cake/Controller/Controller.php(954): View->render(NULL, NULL)
#2 /var/www/kisan/lib/Cake/Routing/Dispatcher.php(198): Controller->render()
#3 /var/www/kisan/lib/Cake/Routing/Dispatcher.php(165): Dispatcher->_invoke(Object(MessagesController), Object(CakeRequest))
#4 /var/www/kisan/app/webroot/index.php(108): Dispatcher->dispatch(Object(CakeRequest), Object(CakeResponse))
#5 {main}
2016-09-04 09:57:21 Error: [MissingControllerException] Controller class CssController could not be found.
Exception Attributes: array (
  'class' => 'CssController',
  'plugin' => NULL,
)
Request URL: /css/bootstrap.min.css.map
Stack Trace:
#0 /var/www/kisan/app/webroot/index.php(108): Dispatcher->dispatch(Object(CakeRequest), Object(CakeResponse))
#1 {main}
2016-09-04 09:57:29 Error: Fatal Error (1): Class 'NexmoMessage' not found in [/var/www/kisan/app/Model/Message.php, line 30]
2016-09-04 09:57:29 Error: [FatalErrorException] Class 'NexmoMessage' not found
Request URL: /messages/send_messages/1
Stack Trace:
#0 /var/www/kisan/lib/Cake/Error/ErrorHandler.php(203): ErrorHandler::handleFatalError(1, 'Class 'NexmoMes...', '/var/www/kisan/...', 30)
#1 [internal function]: ErrorHandler::handleError(1, 'Class 'NexmoMes...', '/var/www/kisan/...', 30, Array)
#2 /var/www/kisan/lib/Cake/Core/App.php(931): call_user_func('ErrorHandler::h...', 1, 'Class 'NexmoMes...', '/var/www/kisan/...', 30, Array)
#3 /var/www/kisan/lib/Cake/Core/App.php(904): App::_checkFatalError()
#4 [internal function]: App::shutdown()
#5 {main}
2016-09-04 10:00:14 Error: [MissingControllerException] Controller class CssController could not be found.
Exception Attributes: array (
  'class' => 'CssController',
  'plugin' => NULL,
)
Request URL: /css/bootstrap.min.css.map
Stack Trace:
#0 /var/www/kisan/app/webroot/index.php(108): Dispatcher->dispatch(Object(CakeRequest), Object(CakeResponse))
#1 {main}
2016-09-04 11:02:19 Error: [MissingControllerException] Controller class CssController could not be found.
Exception Attributes: array (
  'class' => 'CssController',
  'plugin' => NULL,
)
Request URL: /css/bootstrap.min.css.map
Stack Trace:
#0 /var/www/kisan/app/webroot/index.php(108): Dispatcher->dispatch(Object(CakeRequest), Object(CakeResponse))
#1 {main}
2016-09-04 11:02:20 Error: [MissingControllerException] Controller class CssController could not be found.
Exception Attributes: array (
  'class' => 'CssController',
  'plugin' => NULL,
)
Request URL: /css/bootstrap.min.css.map
Stack Trace:
#0 /var/www/kisan/app/webroot/index.php(108): Dispatcher->dispatch(Object(CakeRequest), Object(CakeResponse))
#1 {main}
2016-09-04 11:02:28 Error: Fatal Error (1): Class 'Twilio\Rest\Client' not found in [/var/www/kisan/app/Model/Message.php, line 35]
2016-09-04 11:02:28 Error: [FatalErrorException] Class 'Twilio\Rest\Client' not found
Request URL: /messages/send_messages/1
Stack Trace:
#0 /var/www/kisan/lib/Cake/Error/ErrorHandler.php(203): ErrorHandler::handleFatalError(1, 'Class 'Twilio\R...', '/var/www/kisan/...', 35)
#1 [internal function]: ErrorHandler::handleError(1, 'Class 'Twilio\R...', '/var/www/kisan/...', 35, Array)
#2 /var/www/kisan/lib/Cake/Core/App.php(931): call_user_func('ErrorHandler::h...', 1, 'Class 'Twilio\R...', '/var/www/kisan/...', 35, Array)
#3 /var/www/kisan/lib/Cake/Core/App.php(904): App::_checkFatalError()
#4 [internal function]: App::shutdown()
#5 {main}
2016-09-04 11:04:44 Error: [MissingControllerException] Controller class CssController could not be found.
Exception Attributes: array (
  'class' => 'CssController',
  'plugin' => NULL,
)
Request URL: /css/bootstrap.min.css.map
Stack Trace:
#0 /var/www/kisan/app/webroot/index.php(108): Dispatcher->dispatch(Object(CakeRequest), Object(CakeResponse))
#1 {main}
2016-09-04 11:04:47 Error: Fatal Error (1): Class 'Twilio\Rest\Client' not found in [/var/www/kisan/app/Model/Message.php, line 35]
2016-09-04 11:04:47 Error: [FatalErrorException] Class 'Twilio\Rest\Client' not found
Request URL: /messages/send_messages/1
Stack Trace:
#0 /var/www/kisan/lib/Cake/Error/ErrorHandler.php(203): ErrorHandler::handleFatalError(1, 'Class 'Twilio\R...', '/var/www/kisan/...', 35)
#1 [internal function]: ErrorHandler::handleError(1, 'Class 'Twilio\R...', '/var/www/kisan/...', 35, Array)
#2 /var/www/kisan/lib/Cake/Core/App.php(931): call_user_func('ErrorHandler::h...', 1, 'Class 'Twilio\R...', '/var/www/kisan/...', 35, Array)
#3 /var/www/kisan/lib/Cake/Core/App.php(904): App::_checkFatalError()
#4 [internal function]: App::shutdown()
#5 {main}
2016-09-04 11:06:44 Error: [MissingControllerException] Controller class CssController could not be found.
Exception Attributes: array (
  'class' => 'CssController',
  'plugin' => NULL,
)
Request URL: /css/bootstrap.min.css.map
Stack Trace:
#0 /var/www/kisan/app/webroot/index.php(108): Dispatcher->dispatch(Object(CakeRequest), Object(CakeResponse))
#1 {main}
2016-09-04 11:06:47 Error: Fatal Error (1): Class 'Twilio\Rest\Client' not found in [/var/www/kisan/app/Model/Message.php, line 35]
2016-09-04 11:06:47 Error: [FatalErrorException] Class 'Twilio\Rest\Client' not found
Request URL: /messages/send_messages/1
Stack Trace:
#0 /var/www/kisan/lib/Cake/Error/ErrorHandler.php(203): ErrorHandler::handleFatalError(1, 'Class 'Twilio\R...', '/var/www/kisan/...', 35)
#1 [internal function]: ErrorHandler::handleError(1, 'Class 'Twilio\R...', '/var/www/kisan/...', 35, Array)
#2 /var/www/kisan/lib/Cake/Core/App.php(931): call_user_func('ErrorHandler::h...', 1, 'Class 'Twilio\R...', '/var/www/kisan/...', 35, Array)
#3 /var/www/kisan/lib/Cake/Core/App.php(904): App::_checkFatalError()
#4 [internal function]: App::shutdown()
#5 {main}
2016-09-04 11:08:26 Error: [MissingControllerException] Controller class CssController could not be found.
Exception Attributes: array (
  'class' => 'CssController',
  'plugin' => NULL,
)
Request URL: /css/bootstrap.min.css.map
Stack Trace:
#0 /var/www/kisan/app/webroot/index.php(108): Dispatcher->dispatch(Object(CakeRequest), Object(CakeResponse))
#1 {main}
2016-09-04 11:08:28 Error: Fatal Error (1): Class 'Client' not found in [/var/www/kisan/app/Model/Message.php, line 35]
2016-09-04 11:08:28 Error: [FatalErrorException] Class 'Client' not found
Request URL: /messages/send_messages/1
Stack Trace:
#0 /var/www/kisan/lib/Cake/Error/ErrorHandler.php(203): ErrorHandler::handleFatalError(1, 'Class 'Client' ...', '/var/www/kisan/...', 35)
#1 [internal function]: ErrorHandler::handleError(1, 'Class 'Client' ...', '/var/www/kisan/...', 35, Array)
#2 /var/www/kisan/lib/Cake/Core/App.php(931): call_user_func('ErrorHandler::h...', 1, 'Class 'Client' ...', '/var/www/kisan/...', 35, Array)
#3 /var/www/kisan/lib/Cake/Core/App.php(904): App::_checkFatalError()
#4 [internal function]: App::shutdown()
#5 {main}
2016-09-04 11:08:46 Error: [MissingControllerException] Controller class CssController could not be found.
Exception Attributes: array (
  'class' => 'CssController',
  'plugin' => NULL,
)
Request URL: /css/bootstrap.min.css.map
Stack Trace:
#0 /var/www/kisan/app/webroot/index.php(108): Dispatcher->dispatch(Object(CakeRequest), Object(CakeResponse))
#1 {main}
2016-09-04 11:08:50 Error: Fatal Error (1): Class 'Client' not found in [/var/www/kisan/app/Model/Message.php, line 35]
2016-09-04 11:08:50 Error: [FatalErrorException] Class 'Client' not found
Request URL: /messages/send_messages/1
Stack Trace:
#0 /var/www/kisan/lib/Cake/Error/ErrorHandler.php(203): ErrorHandler::handleFatalError(1, 'Class 'Client' ...', '/var/www/kisan/...', 35)
#1 [internal function]: ErrorHandler::handleError(1, 'Class 'Client' ...', '/var/www/kisan/...', 35, Array)
#2 /var/www/kisan/lib/Cake/Core/App.php(931): call_user_func('ErrorHandler::h...', 1, 'Class 'Client' ...', '/var/www/kisan/...', 35, Array)
#3 /var/www/kisan/lib/Cake/Core/App.php(904): App::_checkFatalError()
#4 [internal function]: App::shutdown()
#5 {main}
2016-09-04 11:10:18 Error: [MissingControllerException] Controller class CssController could not be found.
Exception Attributes: array (
  'class' => 'CssController',
  'plugin' => NULL,
)
Request URL: /css/bootstrap.min.css.map
Stack Trace:
#0 /var/www/kisan/app/webroot/index.php(108): Dispatcher->dispatch(Object(CakeRequest), Object(CakeResponse))
#1 {main}
2016-09-04 11:10:22 Error: Fatal Error (1): Class 'Client' not found in [/var/www/kisan/app/Model/Message.php, line 35]
2016-09-04 11:10:22 Error: [FatalErrorException] Class 'Client' not found
Request URL: /messages/send_messages/1
Stack Trace:
#0 /var/www/kisan/lib/Cake/Error/ErrorHandler.php(203): ErrorHandler::handleFatalError(1, 'Class 'Client' ...', '/var/www/kisan/...', 35)
#1 [internal function]: ErrorHandler::handleError(1, 'Class 'Client' ...', '/var/www/kisan/...', 35, Array)
#2 /var/www/kisan/lib/Cake/Core/App.php(931): call_user_func('ErrorHandler::h...', 1, 'Class 'Client' ...', '/var/www/kisan/...', 35, Array)
#3 /var/www/kisan/lib/Cake/Core/App.php(904): App::_checkFatalError()
#4 [internal function]: App::shutdown()
#5 {main}
2016-09-04 11:10:49 Error: [MissingControllerException] Controller class CssController could not be found.
Exception Attributes: array (
  'class' => 'CssController',
  'plugin' => NULL,
)
Request URL: /css/bootstrap.min.css.map
Stack Trace:
#0 /var/www/kisan/app/webroot/index.php(108): Dispatcher->dispatch(Object(CakeRequest), Object(CakeResponse))
#1 {main}
2016-09-04 11:10:55 Error: Fatal Error (1): Class 'Client' not found in [/var/www/kisan/app/Model/Message.php, line 35]
2016-09-04 11:10:55 Error: [FatalErrorException] Class 'Client' not found
Request URL: /messages/send_messages/1
Stack Trace:
#0 /var/www/kisan/lib/Cake/Error/ErrorHandler.php(203): ErrorHandler::handleFatalError(1, 'Class 'Client' ...', '/var/www/kisan/...', 35)
#1 [internal function]: ErrorHandler::handleError(1, 'Class 'Client' ...', '/var/www/kisan/...', 35, Array)
#2 /var/www/kisan/lib/Cake/Core/App.php(931): call_user_func('ErrorHandler::h...', 1, 'Class 'Client' ...', '/var/www/kisan/...', 35, Array)
#3 /var/www/kisan/lib/Cake/Core/App.php(904): App::_checkFatalError()
#4 [internal function]: App::shutdown()
#5 {main}
2016-09-04 11:15:58 Error: [MissingControllerException] Controller class CssController could not be found.
Exception Attributes: array (
  'class' => 'CssController',
  'plugin' => NULL,
)
Request URL: /css/bootstrap.min.css.map
Stack Trace:
#0 /var/www/kisan/app/webroot/index.php(108): Dispatcher->dispatch(Object(CakeRequest), Object(CakeResponse))
#1 {main}
2016-09-04 11:20:03 Error: [MissingControllerException] Controller class CssController could not be found.
Exception Attributes: array (
  'class' => 'CssController',
  'plugin' => NULL,
)
Request URL: /css/bootstrap.min.css.map
Stack Trace:
#0 /var/www/kisan/app/webroot/index.php(108): Dispatcher->dispatch(Object(CakeRequest), Object(CakeResponse))
#1 {main}
2016-09-04 11:20:06 Error: Fatal Error (1): Call to a member function find() on a non-object in [/var/www/kisan/app/Controller/MessagesController.php, line 33]
2016-09-04 11:20:06 Error: [FatalErrorException] Call to a member function find() on a non-object
Request URL: /messages/send_messages/1
Stack Trace:
#0 /var/www/kisan/lib/Cake/Error/ErrorHandler.php(203): ErrorHandler::handleFatalError(1, 'Call to a membe...', '/var/www/kisan/...', 33)
#1 [internal function]: ErrorHandler::handleError(1, 'Call to a membe...', '/var/www/kisan/...', 33, Array)
#2 /var/www/kisan/lib/Cake/Core/App.php(931): call_user_func('ErrorHandler::h...', 1, 'Call to a membe...', '/var/www/kisan/...', 33, Array)
#3 /var/www/kisan/lib/Cake/Core/App.php(904): App::_checkFatalError()
#4 [internal function]: App::shutdown()
#5 {main}
2016-09-04 11:20:20 Error: [MissingControllerException] Controller class CssController could not be found.
Exception Attributes: array (
  'class' => 'CssController',
  'plugin' => NULL,
)
Request URL: /css/bootstrap.min.css.map
Stack Trace:
#0 /var/www/kisan/app/webroot/index.php(108): Dispatcher->dispatch(Object(CakeRequest), Object(CakeResponse))
#1 {main}
2016-09-04 11:22:04 Error: [MissingControllerException] Controller class CssController could not be found.
Exception Attributes: array (
  'class' => 'CssController',
  'plugin' => NULL,
)
Request URL: /css/bootstrap.min.css.map
Stack Trace:
#0 /var/www/kisan/app/webroot/index.php(108): Dispatcher->dispatch(Object(CakeRequest), Object(CakeResponse))
#1 {main}
2016-09-04 11:22:36 Error: [MissingControllerException] Controller class CssController could not be found.
Exception Attributes: array (
  'class' => 'CssController',
  'plugin' => NULL,
)
Request URL: /css/bootstrap.min.css.map
Stack Trace:
#0 /var/www/kisan/app/webroot/index.php(108): Dispatcher->dispatch(Object(CakeRequest), Object(CakeResponse))
#1 {main}
2016-09-04 11:30:07 Error: [MissingControllerException] Controller class CssController could not be found.
Exception Attributes: array (
  'class' => 'CssController',
  'plugin' => NULL,
)
Request URL: /css/bootstrap.min.css.map
Stack Trace:
#0 /var/www/kisan/app/webroot/index.php(108): Dispatcher->dispatch(Object(CakeRequest), Object(CakeResponse))
#1 {main}
2016-09-04 11:34:15 Error: [MissingControllerException] Controller class CssController could not be found.
Exception Attributes: array (
  'class' => 'CssController',
  'plugin' => NULL,
)
Request URL: /css/bootstrap.min.css.map
Stack Trace:
#0 /var/www/kisan/app/webroot/index.php(108): Dispatcher->dispatch(Object(CakeRequest), Object(CakeResponse))
#1 {main}
2016-09-04 11:34:20 Error: Fatal Error (1): Call to a member function saveSentMessage() on a non-object in [/var/www/kisan/app/Controller/MessagesController.php, line 37]
2016-09-04 11:34:20 Error: [FatalErrorException] Call to a member function saveSentMessage() on a non-object
Request URL: /messages/send_messages/1
Stack Trace:
#0 /var/www/kisan/lib/Cake/Error/ErrorHandler.php(203): ErrorHandler::handleFatalError(1, 'Call to a membe...', '/var/www/kisan/...', 37)
#1 [internal function]: ErrorHandler::handleError(1, 'Call to a membe...', '/var/www/kisan/...', 37, Array)
#2 /var/www/kisan/lib/Cake/Core/App.php(931): call_user_func('ErrorHandler::h...', 1, 'Call to a membe...', '/var/www/kisan/...', 37, Array)
#3 /var/www/kisan/lib/Cake/Core/App.php(904): App::_checkFatalError()
#4 [internal function]: App::shutdown()
#5 {main}
2016-09-04 11:34:49 Error: [MissingControllerException] Controller class CssController could not be found.
Exception Attributes: array (
  'class' => 'CssController',
  'plugin' => NULL,
)
Request URL: /css/bootstrap.min.css.map
Stack Trace:
#0 /var/www/kisan/app/webroot/index.php(108): Dispatcher->dispatch(Object(CakeRequest), Object(CakeResponse))
#1 {main}
2016-09-04 11:34:52 Error: Fatal Error (1): Call to a member function create() on a non-object in [/var/www/kisan/app/Model/Message.php, line 55]
2016-09-04 11:34:52 Error: [FatalErrorException] Call to a member function create() on a non-object
Request URL: /messages/send_messages/1
Stack Trace:
#0 /var/www/kisan/lib/Cake/Error/ErrorHandler.php(203): ErrorHandler::handleFatalError(1, 'Call to a membe...', '/var/www/kisan/...', 55)
#1 [internal function]: ErrorHandler::handleError(1, 'Call to a membe...', '/var/www/kisan/...', 55, Array)
#2 /var/www/kisan/lib/Cake/Core/App.php(931): call_user_func('ErrorHandler::h...', 1, 'Call to a membe...', '/var/www/kisan/...', 55, Array)
#3 /var/www/kisan/lib/Cake/Core/App.php(904): App::_checkFatalError()
#4 [internal function]: App::shutdown()
#5 {main}
2016-09-04 11:35:22 Error: [MissingControllerException] Controller class CssController could not be found.
Exception Attributes: array (
  'class' => 'CssController',
  'plugin' => NULL,
)
Request URL: /css/bootstrap.min.css.map
Stack Trace:
#0 /var/www/kisan/app/webroot/index.php(108): Dispatcher->dispatch(Object(CakeRequest), Object(CakeResponse))
#1 {main}
2016-09-04 11:35:28 Error: [MissingControllerException] Controller class CssController could not be found.
Exception Attributes: array (
  'class' => 'CssController',
  'plugin' => NULL,
)
Request URL: /css/bootstrap.min.css.map
Stack Trace:
#0 /var/www/kisan/app/webroot/index.php(108): Dispatcher->dispatch(Object(CakeRequest), Object(CakeResponse))
#1 {main}
2016-09-04 11:35:41 Error: [MissingControllerException] Controller class CssController could not be found.
Exception Attributes: array (
  'class' => 'CssController',
  'plugin' => NULL,
)
Request URL: /css/bootstrap.min.css.map
Stack Trace:
#0 /var/www/kisan/app/webroot/index.php(108): Dispatcher->dispatch(Object(CakeRequest), Object(CakeResponse))
#1 {main}
2016-09-04 11:35:46 Error: [MissingControllerException] Controller class CssController could not be found.
Exception Attributes: array (
  'class' => 'CssController',
  'plugin' => NULL,
)
Request URL: /css/bootstrap.min.css.map
Stack Trace:
#0 /var/www/kisan/app/webroot/index.php(108): Dispatcher->dispatch(Object(CakeRequest), Object(CakeResponse))
#1 {main}
2016-09-04 11:35:54 Error: [MissingControllerException] Controller class CssController could not be found.
Exception Attributes: array (
  'class' => 'CssController',
  'plugin' => NULL,
)
Request URL: /css/bootstrap.min.css.map
Stack Trace:
#0 /var/www/kisan/app/webroot/index.php(108): Dispatcher->dispatch(Object(CakeRequest), Object(CakeResponse))
#1 {main}
2016-09-04 11:38:16 Error: [MissingControllerException] Controller class CssController could not be found.
Exception Attributes: array (
  'class' => 'CssController',
  'plugin' => NULL,
)
Request URL: /css/bootstrap.min.css.map
Stack Trace:
#0 /var/www/kisan/app/webroot/index.php(108): Dispatcher->dispatch(Object(CakeRequest), Object(CakeResponse))
#1 {main}
2016-09-04 11:38:18 Error: [MissingControllerException] Controller class CssController could not be found.
Exception Attributes: array (
  'class' => 'CssController',
  'plugin' => NULL,
)
Request URL: /css/bootstrap.min.css.map
Stack Trace:
#0 /var/www/kisan/app/webroot/index.php(108): Dispatcher->dispatch(Object(CakeRequest), Object(CakeResponse))
#1 {main}
2016-09-04 11:38:21 Error: [MissingControllerException] Controller class CssController could not be found.
Exception Attributes: array (
  'class' => 'CssController',
  'plugin' => NULL,
)
Request URL: /css/bootstrap.min.css.map
Stack Trace:
#0 /var/www/kisan/app/webroot/index.php(108): Dispatcher->dispatch(Object(CakeRequest), Object(CakeResponse))
#1 {main}
2016-09-04 11:38:41 Error: [MissingControllerException] Controller class CssController could not be found.
Exception Attributes: array (
  'class' => 'CssController',
  'plugin' => NULL,
)
Request URL: /css/bootstrap.min.css.map
Stack Trace:
#0 /var/www/kisan/app/webroot/index.php(108): Dispatcher->dispatch(Object(CakeRequest), Object(CakeResponse))
#1 {main}
2016-09-04 11:39:26 Error: [MissingControllerException] Controller class CssController could not be found.
Exception Attributes: array (
  'class' => 'CssController',
  'plugin' => NULL,
)
Request URL: /css/bootstrap.min.css.map
Stack Trace:
#0 /var/www/kisan/app/webroot/index.php(108): Dispatcher->dispatch(Object(CakeRequest), Object(CakeResponse))
#1 {main}
2016-09-04 11:39:31 Error: [MissingControllerException] Controller class CssController could not be found.
Exception Attributes: array (
  'class' => 'CssController',
  'plugin' => NULL,
)
Request URL: /css/bootstrap.min.css.map
Stack Trace:
#0 /var/www/kisan/app/webroot/index.php(108): Dispatcher->dispatch(Object(CakeRequest), Object(CakeResponse))
#1 {main}
2016-09-04 11:39:35 Error: [MissingControllerException] Controller class CssController could not be found.
Exception Attributes: array (
  'class' => 'CssController',
  'plugin' => NULL,
)
Request URL: /css/bootstrap.min.css.map
Stack Trace:
#0 /var/www/kisan/app/webroot/index.php(108): Dispatcher->dispatch(Object(CakeRequest), Object(CakeResponse))
#1 {main}
2016-09-04 11:41:11 Error: [MissingControllerException] Controller class CssController could not be found.
Exception Attributes: array (
  'class' => 'CssController',
  'plugin' => NULL,
)
Request URL: /css/bootstrap.min.css.map
Stack Trace:
#0 /var/www/kisan/app/webroot/index.php(108): Dispatcher->dispatch(Object(CakeRequest), Object(CakeResponse))
#1 {main}
2016-09-04 11:41:18 Error: [MissingControllerException] Controller class CssController could not be found.
Exception Attributes: array (
  'class' => 'CssController',
  'plugin' => NULL,
)
Request URL: /css/bootstrap.min.css.map
Stack Trace:
#0 /var/www/kisan/app/webroot/index.php(108): Dispatcher->dispatch(Object(CakeRequest), Object(CakeResponse))
#1 {main}
2016-09-04 11:41:32 Error: [MissingControllerException] Controller class CssController could not be found.
Exception Attributes: array (
  'class' => 'CssController',
  'plugin' => NULL,
)
Request URL: /css/bootstrap.min.css.map
Stack Trace:
#0 /var/www/kisan/app/webroot/index.php(108): Dispatcher->dispatch(Object(CakeRequest), Object(CakeResponse))
#1 {main}
2016-09-04 11:41:35 Error: [MissingControllerException] Controller class CssController could not be found.
Exception Attributes: array (
  'class' => 'CssController',
  'plugin' => NULL,
)
Request URL: /css/bootstrap.min.css.map
Stack Trace:
#0 /var/www/kisan/app/webroot/index.php(108): Dispatcher->dispatch(Object(CakeRequest), Object(CakeResponse))
#1 {main}
2016-09-04 11:41:40 Error: [MissingControllerException] Controller class CssController could not be found.
Exception Attributes: array (
  'class' => 'CssController',
  'plugin' => NULL,
)
Request URL: /css/bootstrap.min.css.map
Stack Trace:
#0 /var/www/kisan/app/webroot/index.php(108): Dispatcher->dispatch(Object(CakeRequest), Object(CakeResponse))
#1 {main}
2016-09-04 11:42:29 Error: [MissingControllerException] Controller class CssController could not be found.
Exception Attributes: array (
  'class' => 'CssController',
  'plugin' => NULL,
)
Request URL: /css/bootstrap.min.css.map
Stack Trace:
#0 /var/www/kisan/app/webroot/index.php(108): Dispatcher->dispatch(Object(CakeRequest), Object(CakeResponse))
#1 {main}
2016-09-04 11:43:01 Error: [MissingControllerException] Controller class CssController could not be found.
Exception Attributes: array (
  'class' => 'CssController',
  'plugin' => NULL,
)
Request URL: /css/bootstrap.min.css.map
Stack Trace:
#0 /var/www/kisan/app/webroot/index.php(108): Dispatcher->dispatch(Object(CakeRequest), Object(CakeResponse))
#1 {main}
2016-09-04 11:52:19 Error: [MissingControllerException] Controller class CssController could not be found.
Exception Attributes: array (
  'class' => 'CssController',
  'plugin' => NULL,
)
Request URL: /css/bootstrap.min.css.map
Stack Trace:
#0 /var/www/kisan/app/webroot/index.php(108): Dispatcher->dispatch(Object(CakeRequest), Object(CakeResponse))
#1 {main}
2016-09-04 11:59:25 Error: [MissingControllerException] Controller class CssController could not be found.
Exception Attributes: array (
  'class' => 'CssController',
  'plugin' => NULL,
)
Request URL: /css/bootstrap.min.css.map
Stack Trace:
#0 /var/www/kisan/app/webroot/index.php(108): Dispatcher->dispatch(Object(CakeRequest), Object(CakeResponse))
#1 {main}
2016-09-04 11:59:28 Error: [MissingControllerException] Controller class CssController could not be found.
Exception Attributes: array (
  'class' => 'CssController',
  'plugin' => NULL,
)
Request URL: /css/bootstrap.min.css.map
Stack Trace:
#0 /var/www/kisan/app/webroot/index.php(108): Dispatcher->dispatch(Object(CakeRequest), Object(CakeResponse))
#1 {main}
2016-09-04 11:59:33 Error: Fatal Error (1): Class 'Twilio\Rest\Client' not found in [/var/www/kisan/app/Model/Message.php, line 36]
2016-09-04 11:59:33 Error: [FatalErrorException] Class 'Twilio\Rest\Client' not found
Request URL: /messages/send_messages/3
Stack Trace:
#0 /var/www/kisan/lib/Cake/Error/ErrorHandler.php(203): ErrorHandler::handleFatalError(1, 'Class 'Twilio\R...', '/var/www/kisan/...', 36)
#1 [internal function]: ErrorHandler::handleError(1, 'Class 'Twilio\R...', '/var/www/kisan/...', 36, Array)
#2 /var/www/kisan/lib/Cake/Core/App.php(931): call_user_func('ErrorHandler::h...', 1, 'Class 'Twilio\R...', '/var/www/kisan/...', 36, Array)
#3 /var/www/kisan/lib/Cake/Core/App.php(904): App::_checkFatalError()
#4 [internal function]: App::shutdown()
#5 {main}
2016-09-04 12:00:55 Error: [MissingControllerException] Controller class CssController could not be found.
Exception Attributes: array (
  'class' => 'CssController',
  'plugin' => NULL,
)
Request URL: /css/bootstrap.min.css.map
Stack Trace:
#0 /var/www/kisan/app/webroot/index.php(108): Dispatcher->dispatch(Object(CakeRequest), Object(CakeResponse))
#1 {main}
2016-09-04 12:00:57 Error: Fatal Error (1): Class 'Twilio\Rest\Client' not found in [/var/www/kisan/app/Model/Message.php, line 36]
2016-09-04 12:00:57 Error: [FatalErrorException] Class 'Twilio\Rest\Client' not found
Request URL: /messages/send_messages/3
Stack Trace:
#0 /var/www/kisan/lib/Cake/Error/ErrorHandler.php(203): ErrorHandler::handleFatalError(1, 'Class 'Twilio\R...', '/var/www/kisan/...', 36)
#1 [internal function]: ErrorHandler::handleError(1, 'Class 'Twilio\R...', '/var/www/kisan/...', 36, Array)
#2 /var/www/kisan/lib/Cake/Core/App.php(931): call_user_func('ErrorHandler::h...', 1, 'Class 'Twilio\R...', '/var/www/kisan/...', 36, Array)
#3 /var/www/kisan/lib/Cake/Core/App.php(904): App::_checkFatalError()
#4 [internal function]: App::shutdown()
#5 {main}
2016-09-04 12:03:54 Error: [MissingControllerException] Controller class CssController could not be found.
Exception Attributes: array (
  'class' => 'CssController',
  'plugin' => NULL,
)
Request URL: /css/bootstrap.min.css.map
Stack Trace:
#0 /var/www/kisan/app/webroot/index.php(108): Dispatcher->dispatch(Object(CakeRequest), Object(CakeResponse))
#1 {main}
2016-09-04 12:03:58 Error: Fatal Error (1): Class 'Client' not found in [/var/www/kisan/app/Model/Message.php, line 36]
2016-09-04 12:03:58 Error: [FatalErrorException] Class 'Client' not found
Request URL: /messages/send_messages/3
Stack Trace:
#0 /var/www/kisan/lib/Cake/Error/ErrorHandler.php(203): ErrorHandler::handleFatalError(1, 'Class 'Client' ...', '/var/www/kisan/...', 36)
#1 [internal function]: ErrorHandler::handleError(1, 'Class 'Client' ...', '/var/www/kisan/...', 36, Array)
#2 /var/www/kisan/lib/Cake/Core/App.php(931): call_user_func('ErrorHandler::h...', 1, 'Class 'Client' ...', '/var/www/kisan/...', 36, Array)
#3 /var/www/kisan/lib/Cake/Core/App.php(904): App::_checkFatalError()
#4 [internal function]: App::shutdown()
#5 {main}
2016-09-04 12:06:16 Error: [MissingControllerException] Controller class CssController could not be found.
Exception Attributes: array (
  'class' => 'CssController',
  'plugin' => NULL,
)
Request URL: /css/bootstrap.min.css.map
Stack Trace:
#0 /var/www/kisan/app/webroot/index.php(108): Dispatcher->dispatch(Object(CakeRequest), Object(CakeResponse))
#1 {main}
2016-09-04 12:06:20 Error: Fatal Error (1): Class 'Twilio\Rest\Client' not found in [/var/www/kisan/app/Model/Message.php, line 36]
2016-09-04 12:06:20 Error: [FatalErrorException] Class 'Twilio\Rest\Client' not found
Request URL: /messages/send_messages/3
Stack Trace:
#0 /var/www/kisan/lib/Cake/Error/ErrorHandler.php(203): ErrorHandler::handleFatalError(1, 'Class 'Twilio\R...', '/var/www/kisan/...', 36)
#1 [internal function]: ErrorHandler::handleError(1, 'Class 'Twilio\R...', '/var/www/kisan/...', 36, Array)
#2 /var/www/kisan/lib/Cake/Core/App.php(931): call_user_func('ErrorHandler::h...', 1, 'Class 'Twilio\R...', '/var/www/kisan/...', 36, Array)
#3 /var/www/kisan/lib/Cake/Core/App.php(904): App::_checkFatalError()
#4 [internal function]: App::shutdown()
#5 {main}
2016-09-04 12:06:53 Error: [MissingControllerException] Controller class CssController could not be found.
Exception Attributes: array (
  'class' => 'CssController',
  'plugin' => NULL,
)
Request URL: /css/bootstrap.min.css.map
Stack Trace:
#0 /var/www/kisan/app/webroot/index.php(108): Dispatcher->dispatch(Object(CakeRequest), Object(CakeResponse))
#1 {main}
2016-09-04 12:06:56 Error: Fatal Error (1): Class 'Client' not found in [/var/www/kisan/app/Model/Message.php, line 36]
2016-09-04 12:06:56 Error: [FatalErrorException] Class 'Client' not found
Request URL: /messages/send_messages/3
Stack Trace:
#0 /var/www/kisan/lib/Cake/Error/ErrorHandler.php(203): ErrorHandler::handleFatalError(1, 'Class 'Client' ...', '/var/www/kisan/...', 36)
#1 [internal function]: ErrorHandler::handleError(1, 'Class 'Client' ...', '/var/www/kisan/...', 36, Array)
#2 /var/www/kisan/lib/Cake/Core/App.php(931): call_user_func('ErrorHandler::h...', 1, 'Class 'Client' ...', '/var/www/kisan/...', 36, Array)
#3 /var/www/kisan/lib/Cake/Core/App.php(904): App::_checkFatalError()
#4 [internal function]: App::shutdown()
#5 {main}
